{"/Users/cosmas/Desktop/projects/learning/backend/blog-api/app.js": {"path":"/Users/cosmas/Desktop/projects/learning/backend/blog-api/app.js","statementMap":{"0":{"start":{"line":1,"column":16},"end":{"line":1,"column":34}},"1":{"start":{"line":2,"column":36},"end":{"line":2,"column":59}},"2":{"start":{"line":3,"column":20},"end":{"line":3,"column":43}},"3":{"start":{"line":5,"column":12},"end":{"line":5,"column":21}},"4":{"start":{"line":8,"column":0},"end":{"line":8,"column":24}},"5":{"start":{"line":11,"column":0},"end":{"line":11,"column":33}},"6":{"start":{"line":14,"column":0},"end":{"line":24,"column":3}},"7":{"start":{"line":15,"column":2},"end":{"line":23,"column":5}},"8":{"start":{"line":25,"column":0},"end":{"line":25,"column":43}},"9":{"start":{"line":26,"column":0},"end":{"line":26,"column":50}},"10":{"start":{"line":29,"column":0},"end":{"line":34,"column":3}},"11":{"start":{"line":30,"column":2},"end":{"line":33,"column":5}},"12":{"start":{"line":37,"column":0},"end":{"line":43,"column":3}},"13":{"start":{"line":38,"column":18},"end":{"line":38,"column":62}},"14":{"start":{"line":39,"column":2},"end":{"line":42,"column":5}},"15":{"start":{"line":45,"column":0},"end":{"line":45,"column":21}}},"fnMap":{"0":{"name":"(anonymous_0)","decl":{"start":{"line":14,"column":13},"end":{"line":14,"column":14}},"loc":{"start":{"line":14,"column":25},"end":{"line":24,"column":1}},"line":14},"1":{"name":"(anonymous_1)","decl":{"start":{"line":29,"column":8},"end":{"line":29,"column":9}},"loc":{"start":{"line":29,"column":28},"end":{"line":34,"column":1}},"line":29},"2":{"name":"(anonymous_2)","decl":{"start":{"line":37,"column":8},"end":{"line":37,"column":9}},"loc":{"start":{"line":37,"column":33},"end":{"line":43,"column":1}},"line":37}},"branchMap":{"0":{"loc":{"start":{"line":38,"column":18},"end":{"line":38,"column":62}},"type":"binary-expr","locations":[{"start":{"line":38,"column":18},"end":{"line":38,"column":30}},{"start":{"line":38,"column":34},"end":{"line":38,"column":62}}],"line":38},"1":{"loc":{"start":{"line":39,"column":20},"end":{"line":39,"column":41}},"type":"binary-expr","locations":[{"start":{"line":39,"column":20},"end":{"line":39,"column":34}},{"start":{"line":39,"column":38},"end":{"line":39,"column":41}}],"line":39}},"s":{"0":1,"1":1,"2":1,"3":1,"4":1,"5":1,"6":1,"7":0,"8":1,"9":1,"10":1,"11":0,"12":1,"13":0,"14":0,"15":1},"f":{"0":0,"1":0,"2":0},"b":{"0":[0,0],"1":[0,0]},"_coverageSchema":"1a1c01bbd47fc00a2c39e90264f33305004495a9","hash":"3cdede9e026921cd7a5f0bc120746688f61554db"}
,"/Users/cosmas/Desktop/projects/learning/backend/blog-api/src/config/index.js": {"path":"/Users/cosmas/Desktop/projects/learning/backend/blog-api/src/config/index.js","statementMap":{"0":{"start":{"line":1,"column":19},"end":{"line":6,"column":1}},"1":{"start":{"line":8,"column":0},"end":{"line":8,"column":28}}},"fnMap":{},"branchMap":{"0":{"loc":{"start":{"line":2,"column":11},"end":{"line":2,"column":42}},"type":"binary-expr","locations":[{"start":{"line":2,"column":11},"end":{"line":2,"column":34}},{"start":{"line":2,"column":38},"end":{"line":2,"column":42}}],"line":2},"1":{"loc":{"start":{"line":3,"column":8},"end":{"line":3,"column":32}},"type":"binary-expr","locations":[{"start":{"line":3,"column":8},"end":{"line":3,"column":24}},{"start":{"line":3,"column":28},"end":{"line":3,"column":32}}],"line":3}},"s":{"0":1,"1":1},"f":{},"b":{"0":[1,0],"1":[1,0]},"_coverageSchema":"1a1c01bbd47fc00a2c39e90264f33305004495a9","hash":"1c460bf44287dff38fd679113248ba214b63b4da"}
,"/Users/cosmas/Desktop/projects/learning/backend/blog-api/src/controllers/articleControllers.js": {"path":"/Users/cosmas/Desktop/projects/learning/backend/blog-api/src/controllers/articleControllers.js","statementMap":{"0":{"start":{"line":1,"column":16},"end":{"line":1,"column":44}},"1":{"start":{"line":2,"column":13},"end":{"line":2,"column":38}},"2":{"start":{"line":3,"column":29},"end":{"line":3,"column":60}},"3":{"start":{"line":4,"column":19},"end":{"line":4,"column":49}},"4":{"start":{"line":6,"column":20},"end":{"line":84,"column":1}},"5":{"start":{"line":7,"column":2},"end":{"line":83,"column":3}},"6":{"start":{"line":14,"column":8},"end":{"line":14,"column":17}},"7":{"start":{"line":16,"column":17},"end":{"line":16,"column":35}},"8":{"start":{"line":19,"column":17},"end":{"line":19,"column":19}},"9":{"start":{"line":21,"column":4},"end":{"line":29,"column":5}},"10":{"start":{"line":23,"column":6},"end":{"line":23,"column":33}},"11":{"start":{"line":26,"column":6},"end":{"line":28,"column":8}},"12":{"start":{"line":31,"column":4},"end":{"line":53,"column":5}},"13":{"start":{"line":32,"column":26},"end":{"line":32,"column":49}},"14":{"start":{"line":35,"column":22},"end":{"line":41,"column":22}},"15":{"start":{"line":43,"column":27},"end":{"line":49,"column":7}},"16":{"start":{"line":47,"column":46},"end":{"line":47,"column":51}},"17":{"start":{"line":52,"column":6},"end":{"line":52,"column":48}},"18":{"start":{"line":56,"column":30},"end":{"line":56,"column":73}},"19":{"start":{"line":57,"column":24},"end":{"line":59,"column":25}},"20":{"start":{"line":62,"column":21},"end":{"line":68,"column":6}},"21":{"start":{"line":70,"column":18},"end":{"line":70,"column":54}},"22":{"start":{"line":73,"column":4},"end":{"line":80,"column":7}},"23":{"start":{"line":82,"column":4},"end":{"line":82,"column":16}},"24":{"start":{"line":86,"column":25},"end":{"line":127,"column":1}},"25":{"start":{"line":87,"column":2},"end":{"line":126,"column":3}},"26":{"start":{"line":88,"column":19},"end":{"line":88,"column":29}},"27":{"start":{"line":90,"column":20},"end":{"line":93,"column":5}},"28":{"start":{"line":95,"column":4},"end":{"line":100,"column":5}},"29":{"start":{"line":96,"column":6},"end":{"line":99,"column":9}},"30":{"start":{"line":103,"column":4},"end":{"line":111,"column":5}},"31":{"start":{"line":107,"column":6},"end":{"line":110,"column":9}},"32":{"start":{"line":114,"column":4},"end":{"line":117,"column":5}},"33":{"start":{"line":115,"column":6},"end":{"line":115,"column":30}},"34":{"start":{"line":116,"column":6},"end":{"line":116,"column":27}},"35":{"start":{"line":119,"column":4},"end":{"line":123,"column":7}},"36":{"start":{"line":125,"column":4},"end":{"line":125,"column":16}},"37":{"start":{"line":129,"column":20},"end":{"line":155,"column":1}},"38":{"start":{"line":130,"column":2},"end":{"line":154,"column":3}},"39":{"start":{"line":131,"column":4},"end":{"line":135,"column":5}},"40":{"start":{"line":132,"column":20},"end":{"line":132,"column":53}},"41":{"start":{"line":133,"column":6},"end":{"line":133,"column":25}},"42":{"start":{"line":134,"column":6},"end":{"line":134,"column":18}},"43":{"start":{"line":136,"column":64},"end":{"line":136,"column":79}},"44":{"start":{"line":138,"column":25},"end":{"line":138,"column":51}},"45":{"start":{"line":140,"column":20},"end":{"line":149,"column":6}},"46":{"start":{"line":151,"column":4},"end":{"line":151,"column":61}},"47":{"start":{"line":153,"column":4},"end":{"line":153,"column":16}},"48":{"start":{"line":157,"column":22},"end":{"line":200,"column":1}},"49":{"start":{"line":158,"column":2},"end":{"line":199,"column":3}},"50":{"start":{"line":159,"column":4},"end":{"line":164,"column":5}},"51":{"start":{"line":160,"column":6},"end":{"line":163,"column":9}},"52":{"start":{"line":165,"column":19},"end":{"line":165,"column":29}},"53":{"start":{"line":167,"column":20},"end":{"line":167,"column":46}},"54":{"start":{"line":169,"column":4},"end":{"line":174,"column":5}},"55":{"start":{"line":170,"column":6},"end":{"line":173,"column":9}},"56":{"start":{"line":176,"column":4},"end":{"line":181,"column":5}},"57":{"start":{"line":177,"column":6},"end":{"line":180,"column":9}},"58":{"start":{"line":183,"column":26},"end":{"line":190,"column":5}},"59":{"start":{"line":192,"column":4},"end":{"line":196,"column":7}},"60":{"start":{"line":198,"column":4},"end":{"line":198,"column":14}},"61":{"start":{"line":201,"column":22},"end":{"line":229,"column":1}},"62":{"start":{"line":202,"column":2},"end":{"line":228,"column":3}},"63":{"start":{"line":203,"column":19},"end":{"line":203,"column":29}},"64":{"start":{"line":205,"column":20},"end":{"line":205,"column":46}},"65":{"start":{"line":207,"column":4},"end":{"line":212,"column":5}},"66":{"start":{"line":208,"column":6},"end":{"line":211,"column":9}},"67":{"start":{"line":214,"column":4},"end":{"line":219,"column":5}},"68":{"start":{"line":215,"column":6},"end":{"line":218,"column":9}},"69":{"start":{"line":220,"column":4},"end":{"line":220,"column":40}},"70":{"start":{"line":222,"column":4},"end":{"line":225,"column":7}},"71":{"start":{"line":227,"column":4},"end":{"line":227,"column":16}},"72":{"start":{"line":230,"column":23},"end":{"line":267,"column":1}},"73":{"start":{"line":231,"column":2},"end":{"line":266,"column":3}},"74":{"start":{"line":232,"column":19},"end":{"line":232,"column":29}},"75":{"start":{"line":234,"column":20},"end":{"line":234,"column":46}},"76":{"start":{"line":236,"column":4},"end":{"line":241,"column":5}},"77":{"start":{"line":237,"column":6},"end":{"line":240,"column":9}},"78":{"start":{"line":243,"column":4},"end":{"line":248,"column":5}},"79":{"start":{"line":244,"column":6},"end":{"line":247,"column":9}},"80":{"start":{"line":251,"column":4},"end":{"line":256,"column":5}},"81":{"start":{"line":252,"column":6},"end":{"line":255,"column":9}},"82":{"start":{"line":257,"column":4},"end":{"line":257,"column":32}},"83":{"start":{"line":258,"column":4},"end":{"line":258,"column":25}},"84":{"start":{"line":259,"column":4},"end":{"line":263,"column":7}},"85":{"start":{"line":265,"column":4},"end":{"line":265,"column":14}},"86":{"start":{"line":268,"column":27},"end":{"line":306,"column":1}},"87":{"start":{"line":269,"column":2},"end":{"line":305,"column":3}},"88":{"start":{"line":270,"column":19},"end":{"line":270,"column":29}},"89":{"start":{"line":272,"column":20},"end":{"line":272,"column":46}},"90":{"start":{"line":274,"column":4},"end":{"line":279,"column":5}},"91":{"start":{"line":275,"column":6},"end":{"line":278,"column":9}},"92":{"start":{"line":281,"column":4},"end":{"line":286,"column":5}},"93":{"start":{"line":282,"column":6},"end":{"line":285,"column":9}},"94":{"start":{"line":289,"column":4},"end":{"line":294,"column":5}},"95":{"start":{"line":290,"column":6},"end":{"line":293,"column":9}},"96":{"start":{"line":295,"column":4},"end":{"line":295,"column":28}},"97":{"start":{"line":296,"column":4},"end":{"line":296,"column":25}},"98":{"start":{"line":298,"column":4},"end":{"line":302,"column":7}},"99":{"start":{"line":304,"column":4},"end":{"line":304,"column":14}},"100":{"start":{"line":308,"column":0},"end":{"line":316,"column":2}}},"fnMap":{"0":{"name":"(anonymous_0)","decl":{"start":{"line":6,"column":20},"end":{"line":6,"column":21}},"loc":{"start":{"line":6,"column":46},"end":{"line":84,"column":1}},"line":6},"1":{"name":"(anonymous_1)","decl":{"start":{"line":47,"column":39},"end":{"line":47,"column":40}},"loc":{"start":{"line":47,"column":46},"end":{"line":47,"column":51}},"line":47},"2":{"name":"(anonymous_2)","decl":{"start":{"line":86,"column":25},"end":{"line":86,"column":26}},"loc":{"start":{"line":86,"column":51},"end":{"line":127,"column":1}},"line":86},"3":{"name":"(anonymous_3)","decl":{"start":{"line":129,"column":20},"end":{"line":129,"column":21}},"loc":{"start":{"line":129,"column":46},"end":{"line":155,"column":1}},"line":129},"4":{"name":"(anonymous_4)","decl":{"start":{"line":157,"column":22},"end":{"line":157,"column":23}},"loc":{"start":{"line":157,"column":48},"end":{"line":200,"column":1}},"line":157},"5":{"name":"(anonymous_5)","decl":{"start":{"line":201,"column":22},"end":{"line":201,"column":23}},"loc":{"start":{"line":201,"column":48},"end":{"line":229,"column":1}},"line":201},"6":{"name":"(anonymous_6)","decl":{"start":{"line":230,"column":23},"end":{"line":230,"column":24}},"loc":{"start":{"line":230,"column":49},"end":{"line":267,"column":1}},"line":230},"7":{"name":"(anonymous_7)","decl":{"start":{"line":268,"column":27},"end":{"line":268,"column":28}},"loc":{"start":{"line":268,"column":53},"end":{"line":306,"column":1}},"line":268}},"branchMap":{"0":{"loc":{"start":{"line":9,"column":6},"end":{"line":9,"column":14}},"type":"default-arg","locations":[{"start":{"line":9,"column":13},"end":{"line":9,"column":14}}],"line":9},"1":{"loc":{"start":{"line":10,"column":6},"end":{"line":10,"column":16}},"type":"default-arg","locations":[{"start":{"line":10,"column":14},"end":{"line":10,"column":16}}],"line":10},"2":{"loc":{"start":{"line":12,"column":6},"end":{"line":12,"column":26}},"type":"default-arg","locations":[{"start":{"line":12,"column":15},"end":{"line":12,"column":26}}],"line":12},"3":{"loc":{"start":{"line":13,"column":6},"end":{"line":13,"column":20}},"type":"default-arg","locations":[{"start":{"line":13,"column":14},"end":{"line":13,"column":20}}],"line":13},"4":{"loc":{"start":{"line":21,"column":4},"end":{"line":29,"column":5}},"type":"if","locations":[{"start":{"line":21,"column":4},"end":{"line":29,"column":5}},{"start":{"line":24,"column":11},"end":{"line":29,"column":5}}],"line":21},"5":{"loc":{"start":{"line":31,"column":4},"end":{"line":53,"column":5}},"type":"if","locations":[{"start":{"line":31,"column":4},"end":{"line":53,"column":5}},{"start":{},"end":{}}],"line":31},"6":{"loc":{"start":{"line":57,"column":24},"end":{"line":59,"column":25}},"type":"cond-expr","locations":[{"start":{"line":58,"column":8},"end":{"line":58,"column":46}},{"start":{"line":59,"column":8},"end":{"line":59,"column":25}}],"line":57},"7":{"loc":{"start":{"line":58,"column":20},"end":{"line":58,"column":44}},"type":"cond-expr","locations":[{"start":{"line":58,"column":38},"end":{"line":58,"column":39}},{"start":{"line":58,"column":42},"end":{"line":58,"column":44}}],"line":58},"8":{"loc":{"start":{"line":95,"column":4},"end":{"line":100,"column":5}},"type":"if","locations":[{"start":{"line":95,"column":4},"end":{"line":100,"column":5}},{"start":{},"end":{}}],"line":95},"9":{"loc":{"start":{"line":103,"column":4},"end":{"line":111,"column":5}},"type":"if","locations":[{"start":{"line":103,"column":4},"end":{"line":111,"column":5}},{"start":{},"end":{}}],"line":103},"10":{"loc":{"start":{"line":104,"column":6},"end":{"line":105,"column":78}},"type":"binary-expr","locations":[{"start":{"line":104,"column":6},"end":{"line":104,"column":31}},{"start":{"line":105,"column":7},"end":{"line":105,"column":16}},{"start":{"line":105,"column":20},"end":{"line":105,"column":77}}],"line":104},"11":{"loc":{"start":{"line":114,"column":4},"end":{"line":117,"column":5}},"type":"if","locations":[{"start":{"line":114,"column":4},"end":{"line":117,"column":5}},{"start":{},"end":{}}],"line":114},"12":{"loc":{"start":{"line":131,"column":4},"end":{"line":135,"column":5}},"type":"if","locations":[{"start":{"line":131,"column":4},"end":{"line":135,"column":5}},{"start":{},"end":{}}],"line":131},"13":{"loc":{"start":{"line":136,"column":44},"end":{"line":136,"column":59}},"type":"default-arg","locations":[{"start":{"line":136,"column":52},"end":{"line":136,"column":59}}],"line":136},"14":{"loc":{"start":{"line":136,"column":64},"end":{"line":136,"column":79}},"type":"binary-expr","locations":[{"start":{"line":136,"column":64},"end":{"line":136,"column":73}},{"start":{"line":136,"column":77},"end":{"line":136,"column":79}}],"line":136},"15":{"loc":{"start":{"line":159,"column":4},"end":{"line":164,"column":5}},"type":"if","locations":[{"start":{"line":159,"column":4},"end":{"line":164,"column":5}},{"start":{},"end":{}}],"line":159},"16":{"loc":{"start":{"line":159,"column":8},"end":{"line":159,"column":55}},"type":"binary-expr","locations":[{"start":{"line":159,"column":8},"end":{"line":159,"column":17}},{"start":{"line":159,"column":21},"end":{"line":159,"column":55}}],"line":159},"17":{"loc":{"start":{"line":169,"column":4},"end":{"line":174,"column":5}},"type":"if","locations":[{"start":{"line":169,"column":4},"end":{"line":174,"column":5}},{"start":{},"end":{}}],"line":169},"18":{"loc":{"start":{"line":176,"column":4},"end":{"line":181,"column":5}},"type":"if","locations":[{"start":{"line":176,"column":4},"end":{"line":181,"column":5}},{"start":{},"end":{}}],"line":176},"19":{"loc":{"start":{"line":207,"column":4},"end":{"line":212,"column":5}},"type":"if","locations":[{"start":{"line":207,"column":4},"end":{"line":212,"column":5}},{"start":{},"end":{}}],"line":207},"20":{"loc":{"start":{"line":214,"column":4},"end":{"line":219,"column":5}},"type":"if","locations":[{"start":{"line":214,"column":4},"end":{"line":219,"column":5}},{"start":{},"end":{}}],"line":214},"21":{"loc":{"start":{"line":236,"column":4},"end":{"line":241,"column":5}},"type":"if","locations":[{"start":{"line":236,"column":4},"end":{"line":241,"column":5}},{"start":{},"end":{}}],"line":236},"22":{"loc":{"start":{"line":243,"column":4},"end":{"line":248,"column":5}},"type":"if","locations":[{"start":{"line":243,"column":4},"end":{"line":248,"column":5}},{"start":{},"end":{}}],"line":243},"23":{"loc":{"start":{"line":251,"column":4},"end":{"line":256,"column":5}},"type":"if","locations":[{"start":{"line":251,"column":4},"end":{"line":256,"column":5}},{"start":{},"end":{}}],"line":251},"24":{"loc":{"start":{"line":274,"column":4},"end":{"line":279,"column":5}},"type":"if","locations":[{"start":{"line":274,"column":4},"end":{"line":279,"column":5}},{"start":{},"end":{}}],"line":274},"25":{"loc":{"start":{"line":281,"column":4},"end":{"line":286,"column":5}},"type":"if","locations":[{"start":{"line":281,"column":4},"end":{"line":286,"column":5}},{"start":{},"end":{}}],"line":281},"26":{"loc":{"start":{"line":289,"column":4},"end":{"line":294,"column":5}},"type":"if","locations":[{"start":{"line":289,"column":4},"end":{"line":294,"column":5}},{"start":{},"end":{}}],"line":289}},"s":{"0":1,"1":1,"2":1,"3":1,"4":1,"5":0,"6":0,"7":0,"8":0,"9":0,"10":0,"11":0,"12":0,"13":0,"14":0,"15":0,"16":0,"17":0,"18":0,"19":0,"20":0,"21":0,"22":0,"23":0,"24":1,"25":0,"26":0,"27":0,"28":0,"29":0,"30":0,"31":0,"32":0,"33":0,"34":0,"35":0,"36":0,"37":1,"38":0,"39":0,"40":0,"41":0,"42":0,"43":0,"44":0,"45":0,"46":0,"47":0,"48":1,"49":4,"50":4,"51":1,"52":3,"53":3,"54":3,"55":1,"56":2,"57":1,"58":1,"59":1,"60":0,"61":1,"62":0,"63":0,"64":0,"65":0,"66":0,"67":0,"68":0,"69":0,"70":0,"71":0,"72":1,"73":0,"74":0,"75":0,"76":0,"77":0,"78":0,"79":0,"80":0,"81":0,"82":0,"83":0,"84":0,"85":0,"86":1,"87":0,"88":0,"89":0,"90":0,"91":0,"92":0,"93":0,"94":0,"95":0,"96":0,"97":0,"98":0,"99":0,"100":1},"f":{"0":0,"1":0,"2":0,"3":0,"4":4,"5":0,"6":0,"7":0},"b":{"0":[0],"1":[0],"2":[0],"3":[0],"4":[0,0],"5":[0,0],"6":[0,0],"7":[0,0],"8":[0,0],"9":[0,0],"10":[0,0,0],"11":[0,0],"12":[0,0],"13":[0],"14":[0,0],"15":[1,3],"16":[4,4],"17":[1,2],"18":[1,1],"19":[0,0],"20":[0,0],"21":[0,0],"22":[0,0],"23":[0,0],"24":[0,0],"25":[0,0],"26":[0,0]},"_coverageSchema":"1a1c01bbd47fc00a2c39e90264f33305004495a9","hash":"e895a7549e4b3433187efd7835cabb834a713200"}
,"/Users/cosmas/Desktop/projects/learning/backend/blog-api/src/controllers/authControllers.js": {"path":"/Users/cosmas/Desktop/projects/learning/backend/blog-api/src/controllers/authControllers.js","statementMap":{"0":{"start":{"line":1,"column":17},"end":{"line":1,"column":36}},"1":{"start":{"line":2,"column":26},"end":{"line":2,"column":51}},"2":{"start":{"line":3,"column":16},"end":{"line":3,"column":44}},"3":{"start":{"line":4,"column":19},"end":{"line":4,"column":49}},"4":{"start":{"line":5,"column":18},"end":{"line":5,"column":43}},"5":{"start":{"line":7,"column":14},"end":{"line":42,"column":1}},"6":{"start":{"line":8,"column":2},"end":{"line":41,"column":21}},"7":{"start":{"line":9,"column":4},"end":{"line":40,"column":5}},"8":{"start":{"line":10,"column":6},"end":{"line":12,"column":7}},"9":{"start":{"line":11,"column":8},"end":{"line":11,"column":25}},"10":{"start":{"line":14,"column":6},"end":{"line":17,"column":7}},"11":{"start":{"line":15,"column":22},"end":{"line":15,"column":68}},"12":{"start":{"line":16,"column":8},"end":{"line":16,"column":27}},"13":{"start":{"line":19,"column":6},"end":{"line":37,"column":9}},"14":{"start":{"line":20,"column":8},"end":{"line":20,"column":38}},"15":{"start":{"line":20,"column":19},"end":{"line":20,"column":38}},"16":{"start":{"line":23,"column":22},"end":{"line":23,"column":41}},"17":{"start":{"line":26,"column":8},"end":{"line":36,"column":11}},"18":{"start":{"line":39,"column":6},"end":{"line":39,"column":25}},"19":{"start":{"line":44,"column":19},"end":{"line":61,"column":1}},"20":{"start":{"line":45,"column":2},"end":{"line":60,"column":21}},"21":{"start":{"line":46,"column":4},"end":{"line":46,"column":30}},"22":{"start":{"line":46,"column":13},"end":{"line":46,"column":30}},"23":{"start":{"line":47,"column":4},"end":{"line":48,"column":77}},"24":{"start":{"line":48,"column":6},"end":{"line":48,"column":77}},"25":{"start":{"line":50,"column":45},"end":{"line":50,"column":49}},"26":{"start":{"line":51,"column":4},"end":{"line":59,"column":7}},"27":{"start":{"line":63,"column":19},"end":{"line":83,"column":1}},"28":{"start":{"line":64,"column":2},"end":{"line":82,"column":3}},"29":{"start":{"line":65,"column":19},"end":{"line":65,"column":31}},"30":{"start":{"line":66,"column":20},"end":{"line":66,"column":52}},"31":{"start":{"line":67,"column":45},"end":{"line":67,"column":52}},"32":{"start":{"line":69,"column":4},"end":{"line":76,"column":7}},"33":{"start":{"line":78,"column":4},"end":{"line":81,"column":7}},"34":{"start":{"line":85,"column":24},"end":{"line":114,"column":1}},"35":{"start":{"line":86,"column":2},"end":{"line":113,"column":3}},"36":{"start":{"line":87,"column":44},"end":{"line":87,"column":59}},"37":{"start":{"line":88,"column":19},"end":{"line":88,"column":31}},"38":{"start":{"line":89,"column":17},"end":{"line":89,"column":19}},"39":{"start":{"line":90,"column":4},"end":{"line":92,"column":5}},"40":{"start":{"line":91,"column":6},"end":{"line":91,"column":25}},"41":{"start":{"line":93,"column":4},"end":{"line":95,"column":5}},"42":{"start":{"line":94,"column":6},"end":{"line":94,"column":54}},"43":{"start":{"line":96,"column":4},"end":{"line":98,"column":5}},"44":{"start":{"line":97,"column":6},"end":{"line":97,"column":27}},"45":{"start":{"line":100,"column":25},"end":{"line":103,"column":6}},"46":{"start":{"line":104,"column":4},"end":{"line":107,"column":7}},"47":{"start":{"line":109,"column":4},"end":{"line":112,"column":7}},"48":{"start":{"line":115,"column":0},"end":{"line":115,"column":68}}},"fnMap":{"0":{"name":"(anonymous_0)","decl":{"start":{"line":7,"column":14},"end":{"line":7,"column":15}},"loc":{"start":{"line":7,"column":34},"end":{"line":42,"column":1}},"line":7},"1":{"name":"(anonymous_1)","decl":{"start":{"line":8,"column":33},"end":{"line":8,"column":34}},"loc":{"start":{"line":8,"column":60},"end":{"line":41,"column":3}},"line":8},"2":{"name":"(anonymous_2)","decl":{"start":{"line":19,"column":42},"end":{"line":19,"column":43}},"loc":{"start":{"line":19,"column":59},"end":{"line":37,"column":7}},"line":19},"3":{"name":"(anonymous_3)","decl":{"start":{"line":44,"column":19},"end":{"line":44,"column":20}},"loc":{"start":{"line":44,"column":39},"end":{"line":61,"column":1}},"line":44},"4":{"name":"(anonymous_4)","decl":{"start":{"line":45,"column":54},"end":{"line":45,"column":55}},"loc":{"start":{"line":45,"column":75},"end":{"line":60,"column":3}},"line":45},"5":{"name":"(anonymous_5)","decl":{"start":{"line":63,"column":19},"end":{"line":63,"column":20}},"loc":{"start":{"line":63,"column":39},"end":{"line":83,"column":1}},"line":63},"6":{"name":"(anonymous_6)","decl":{"start":{"line":85,"column":24},"end":{"line":85,"column":25}},"loc":{"start":{"line":85,"column":44},"end":{"line":114,"column":1}},"line":85}},"branchMap":{"0":{"loc":{"start":{"line":10,"column":6},"end":{"line":12,"column":7}},"type":"if","locations":[{"start":{"line":10,"column":6},"end":{"line":12,"column":7}},{"start":{},"end":{}}],"line":10},"1":{"loc":{"start":{"line":14,"column":6},"end":{"line":17,"column":7}},"type":"if","locations":[{"start":{"line":14,"column":6},"end":{"line":17,"column":7}},{"start":{},"end":{}}],"line":14},"2":{"loc":{"start":{"line":20,"column":8},"end":{"line":20,"column":38}},"type":"if","locations":[{"start":{"line":20,"column":8},"end":{"line":20,"column":38}},{"start":{},"end":{}}],"line":20},"3":{"loc":{"start":{"line":46,"column":4},"end":{"line":46,"column":30}},"type":"if","locations":[{"start":{"line":46,"column":4},"end":{"line":46,"column":30}},{"start":{},"end":{}}],"line":46},"4":{"loc":{"start":{"line":47,"column":4},"end":{"line":48,"column":77}},"type":"if","locations":[{"start":{"line":47,"column":4},"end":{"line":48,"column":77}},{"start":{},"end":{}}],"line":47},"5":{"loc":{"start":{"line":87,"column":12},"end":{"line":87,"column":20}},"type":"default-arg","locations":[{"start":{"line":87,"column":19},"end":{"line":87,"column":20}}],"line":87},"6":{"loc":{"start":{"line":87,"column":29},"end":{"line":87,"column":39}},"type":"default-arg","locations":[{"start":{"line":87,"column":37},"end":{"line":87,"column":39}}],"line":87},"7":{"loc":{"start":{"line":87,"column":44},"end":{"line":87,"column":59}},"type":"binary-expr","locations":[{"start":{"line":87,"column":44},"end":{"line":87,"column":53}},{"start":{"line":87,"column":57},"end":{"line":87,"column":59}}],"line":87},"8":{"loc":{"start":{"line":90,"column":4},"end":{"line":92,"column":5}},"type":"if","locations":[{"start":{"line":90,"column":4},"end":{"line":92,"column":5}},{"start":{},"end":{}}],"line":90},"9":{"loc":{"start":{"line":93,"column":4},"end":{"line":95,"column":5}},"type":"if","locations":[{"start":{"line":93,"column":4},"end":{"line":95,"column":5}},{"start":{},"end":{}}],"line":93},"10":{"loc":{"start":{"line":96,"column":4},"end":{"line":98,"column":5}},"type":"if","locations":[{"start":{"line":96,"column":4},"end":{"line":98,"column":5}},{"start":{},"end":{}}],"line":96}},"s":{"0":1,"1":1,"2":1,"3":1,"4":1,"5":1,"6":0,"7":0,"8":0,"9":0,"10":0,"11":0,"12":0,"13":0,"14":0,"15":0,"16":0,"17":0,"18":0,"19":1,"20":0,"21":0,"22":0,"23":0,"24":0,"25":0,"26":0,"27":1,"28":0,"29":0,"30":0,"31":0,"32":0,"33":0,"34":1,"35":0,"36":0,"37":0,"38":0,"39":0,"40":0,"41":0,"42":0,"43":0,"44":0,"45":0,"46":0,"47":0,"48":1},"f":{"0":0,"1":0,"2":0,"3":0,"4":0,"5":0,"6":0},"b":{"0":[0,0],"1":[0,0],"2":[0,0],"3":[0,0],"4":[0,0],"5":[0],"6":[0],"7":[0,0],"8":[0,0],"9":[0,0],"10":[0,0]},"_coverageSchema":"1a1c01bbd47fc00a2c39e90264f33305004495a9","hash":"6a841f343c78344300ce2356565dbc4b7a24c667"}
,"/Users/cosmas/Desktop/projects/learning/backend/blog-api/src/middleware/auth.js": {"path":"/Users/cosmas/Desktop/projects/learning/backend/blog-api/src/middleware/auth.js","statementMap":{"0":{"start":{"line":1,"column":17},"end":{"line":1,"column":36}},"1":{"start":{"line":2,"column":22},"end":{"line":2,"column":56}},"2":{"start":{"line":3,"column":18},"end":{"line":3,"column":43}},"3":{"start":{"line":4,"column":20},"end":{"line":4,"column":52}},"4":{"start":{"line":5,"column":19},"end":{"line":5,"column":53}},"5":{"start":{"line":6,"column":23},"end":{"line":6,"column":43}},"6":{"start":{"line":8,"column":11},"end":{"line":8,"column":13}},"7":{"start":{"line":9,"column":0},"end":{"line":9,"column":63}},"8":{"start":{"line":10,"column":0},"end":{"line":10,"column":30}},"9":{"start":{"line":11,"column":0},"end":{"line":11,"column":30}},"10":{"start":{"line":13,"column":0},"end":{"line":23,"column":2}},"11":{"start":{"line":15,"column":4},"end":{"line":21,"column":5}},"12":{"start":{"line":17,"column":6},"end":{"line":17,"column":34}},"13":{"start":{"line":18,"column":6},"end":{"line":18,"column":42}},"14":{"start":{"line":20,"column":6},"end":{"line":20,"column":18}},"15":{"start":{"line":29,"column":0},"end":{"line":53,"column":2}},"16":{"start":{"line":38,"column":40},"end":{"line":38,"column":48}},"17":{"start":{"line":39,"column":6},"end":{"line":50,"column":7}},"18":{"start":{"line":40,"column":21},"end":{"line":45,"column":10}},"19":{"start":{"line":47,"column":8},"end":{"line":47,"column":32}},"20":{"start":{"line":49,"column":8},"end":{"line":49,"column":20}},"21":{"start":{"line":59,"column":0},"end":{"line":86,"column":2}},"22":{"start":{"line":67,"column":6},"end":{"line":83,"column":7}},"23":{"start":{"line":68,"column":21},"end":{"line":68,"column":55}},"24":{"start":{"line":70,"column":8},"end":{"line":72,"column":9}},"25":{"start":{"line":71,"column":10},"end":{"line":71,"column":66}},"26":{"start":{"line":74,"column":25},"end":{"line":74,"column":61}},"27":{"start":{"line":76,"column":8},"end":{"line":78,"column":9}},"28":{"start":{"line":77,"column":10},"end":{"line":77,"column":66}},"29":{"start":{"line":80,"column":8},"end":{"line":80,"column":71}},"30":{"start":{"line":82,"column":8},"end":{"line":82,"column":27}}},"fnMap":{"0":{"name":"(anonymous_0)","decl":{"start":{"line":14,"column":24},"end":{"line":14,"column":25}},"loc":{"start":{"line":14,"column":64},"end":{"line":22,"column":3}},"line":14},"1":{"name":"(anonymous_1)","decl":{"start":{"line":37,"column":4},"end":{"line":37,"column":5}},"loc":{"start":{"line":37,"column":42},"end":{"line":51,"column":5}},"line":37},"2":{"name":"(anonymous_2)","decl":{"start":{"line":66,"column":4},"end":{"line":66,"column":5}},"loc":{"start":{"line":66,"column":37},"end":{"line":84,"column":5}},"line":66}},"branchMap":{"0":{"loc":{"start":{"line":70,"column":8},"end":{"line":72,"column":9}},"type":"if","locations":[{"start":{"line":70,"column":8},"end":{"line":72,"column":9}},{"start":{},"end":{}}],"line":70},"1":{"loc":{"start":{"line":76,"column":8},"end":{"line":78,"column":9}},"type":"if","locations":[{"start":{"line":76,"column":8},"end":{"line":78,"column":9}},{"start":{},"end":{}}],"line":76}},"s":{"0":1,"1":1,"2":1,"3":1,"4":1,"5":1,"6":1,"7":1,"8":1,"9":1,"10":1,"11":4,"12":4,"13":4,"14":0,"15":1,"16":0,"17":0,"18":0,"19":0,"20":0,"21":1,"22":0,"23":0,"24":0,"25":0,"26":0,"27":0,"28":0,"29":0,"30":0},"f":{"0":4,"1":0,"2":0},"b":{"0":[0,0],"1":[0,0]},"_coverageSchema":"1a1c01bbd47fc00a2c39e90264f33305004495a9","hash":"22381e76b5749ab4384fcbacae9fe2e8ea5c633b"}
,"/Users/cosmas/Desktop/projects/learning/backend/blog-api/src/middleware/optionalAuth.js": {"path":"/Users/cosmas/Desktop/projects/learning/backend/blog-api/src/middleware/optionalAuth.js","statementMap":{"0":{"start":{"line":1,"column":17},"end":{"line":1,"column":36}},"1":{"start":{"line":3,"column":0},"end":{"line":9,"column":2}},"2":{"start":{"line":4,"column":2},"end":{"line":8,"column":21}},"3":{"start":{"line":5,"column":4},"end":{"line":5,"column":30}},"4":{"start":{"line":5,"column":13},"end":{"line":5,"column":30}},"5":{"start":{"line":6,"column":4},"end":{"line":6,"column":30}},"6":{"start":{"line":6,"column":14},"end":{"line":6,"column":30}},"7":{"start":{"line":7,"column":4},"end":{"line":7,"column":11}}},"fnMap":{"0":{"name":"(anonymous_0)","decl":{"start":{"line":3,"column":17},"end":{"line":3,"column":18}},"loc":{"start":{"line":3,"column":37},"end":{"line":9,"column":1}},"line":3},"1":{"name":"(anonymous_1)","decl":{"start":{"line":4,"column":51},"end":{"line":4,"column":52}},"loc":{"start":{"line":4,"column":66},"end":{"line":8,"column":3}},"line":4}},"branchMap":{"0":{"loc":{"start":{"line":5,"column":4},"end":{"line":5,"column":30}},"type":"if","locations":[{"start":{"line":5,"column":4},"end":{"line":5,"column":30}},{"start":{},"end":{}}],"line":5},"1":{"loc":{"start":{"line":6,"column":4},"end":{"line":6,"column":30}},"type":"if","locations":[{"start":{"line":6,"column":4},"end":{"line":6,"column":30}},{"start":{},"end":{}}],"line":6}},"s":{"0":1,"1":1,"2":0,"3":0,"4":0,"5":0,"6":0,"7":0},"f":{"0":0,"1":0},"b":{"0":[0,0],"1":[0,0]},"_coverageSchema":"1a1c01bbd47fc00a2c39e90264f33305004495a9","hash":"eb137bcc8a395d80fa7a60b645a2889e104b60aa"}
,"/Users/cosmas/Desktop/projects/learning/backend/blog-api/src/models/Article.js": {"path":"/Users/cosmas/Desktop/projects/learning/backend/blog-api/src/models/Article.js","statementMap":{"0":{"start":{"line":1,"column":17},"end":{"line":1,"column":36}},"1":{"start":{"line":4,"column":22},"end":{"line":43,"column":1}},"2":{"start":{"line":44,"column":16},"end":{"line":44,"column":56}},"3":{"start":{"line":45,"column":0},"end":{"line":45,"column":25}}},"fnMap":{},"branchMap":{},"s":{"0":1,"1":1,"2":1,"3":1},"f":{},"b":{},"_coverageSchema":"1a1c01bbd47fc00a2c39e90264f33305004495a9","hash":"bd08c4931a6f39735f8d8047622da9f0ab406aff"}
,"/Users/cosmas/Desktop/projects/learning/backend/blog-api/src/models/User.js": {"path":"/Users/cosmas/Desktop/projects/learning/backend/blog-api/src/models/User.js","statementMap":{"0":{"start":{"line":1,"column":17},"end":{"line":1,"column":36}},"1":{"start":{"line":2,"column":15},"end":{"line":2,"column":32}},"2":{"start":{"line":4,"column":19},"end":{"line":26,"column":2}},"3":{"start":{"line":29,"column":0},"end":{"line":34,"column":3}},"4":{"start":{"line":30,"column":2},"end":{"line":30,"column":50}},"5":{"start":{"line":30,"column":36},"end":{"line":30,"column":50}},"6":{"start":{"line":31,"column":15},"end":{"line":31,"column":39}},"7":{"start":{"line":32,"column":2},"end":{"line":32,"column":57}},"8":{"start":{"line":33,"column":2},"end":{"line":33,"column":9}},"9":{"start":{"line":37,"column":0},"end":{"line":39,"column":2}},"10":{"start":{"line":38,"column":2},"end":{"line":38,"column":64}},"11":{"start":{"line":41,"column":18},"end":{"line":41,"column":52}},"12":{"start":{"line":43,"column":0},"end":{"line":43,"column":27}}},"fnMap":{"0":{"name":"(anonymous_0)","decl":{"start":{"line":29,"column":23},"end":{"line":29,"column":24}},"loc":{"start":{"line":29,"column":45},"end":{"line":34,"column":1}},"line":29},"1":{"name":"(anonymous_1)","decl":{"start":{"line":37,"column":37},"end":{"line":37,"column":38}},"loc":{"start":{"line":37,"column":72},"end":{"line":39,"column":1}},"line":37}},"branchMap":{"0":{"loc":{"start":{"line":30,"column":2},"end":{"line":30,"column":50}},"type":"if","locations":[{"start":{"line":30,"column":2},"end":{"line":30,"column":50}},{"start":{},"end":{}}],"line":30}},"s":{"0":1,"1":1,"2":1,"3":1,"4":2,"5":0,"6":2,"7":2,"8":2,"9":1,"10":0,"11":1,"12":1},"f":{"0":2,"1":0},"b":{"0":[0,2]},"_coverageSchema":"1a1c01bbd47fc00a2c39e90264f33305004495a9","hash":"fb45b192348f4256718838e389e815779cd2dac6"}
,"/Users/cosmas/Desktop/projects/learning/backend/blog-api/src/routes/article.js": {"path":"/Users/cosmas/Desktop/projects/learning/backend/blog-api/src/routes/article.js","statementMap":{"0":{"start":{"line":1,"column":17},"end":{"line":1,"column":36}},"1":{"start":{"line":2,"column":21},"end":{"line":2,"column":48}},"2":{"start":{"line":3,"column":21},"end":{"line":3,"column":58}},"3":{"start":{"line":12,"column":4},"end":{"line":12,"column":48}},"4":{"start":{"line":15,"column":0},"end":{"line":15,"column":49}},"5":{"start":{"line":16,"column":0},"end":{"line":16,"column":57}},"6":{"start":{"line":19,"column":0},"end":{"line":23,"column":2}},"7":{"start":{"line":25,"column":0},"end":{"line":29,"column":2}},"8":{"start":{"line":30,"column":0},"end":{"line":34,"column":2}},"9":{"start":{"line":35,"column":0},"end":{"line":39,"column":2}},"10":{"start":{"line":40,"column":0},"end":{"line":44,"column":2}},"11":{"start":{"line":46,"column":0},"end":{"line":46,"column":30}}},"fnMap":{},"branchMap":{},"s":{"0":1,"1":1,"2":1,"3":1,"4":1,"5":1,"6":1,"7":1,"8":1,"9":1,"10":1,"11":1},"f":{},"b":{},"_coverageSchema":"1a1c01bbd47fc00a2c39e90264f33305004495a9","hash":"096ff3bca7d8cc4cc77c477b25378bf67a044dc5"}
,"/Users/cosmas/Desktop/projects/learning/backend/blog-api/src/routes/auth.js": {"path":"/Users/cosmas/Desktop/projects/learning/backend/blog-api/src/routes/auth.js","statementMap":{"0":{"start":{"line":1,"column":17},"end":{"line":1,"column":36}},"1":{"start":{"line":2,"column":18},"end":{"line":2,"column":45}},"2":{"start":{"line":8,"column":4},"end":{"line":8,"column":45}},"3":{"start":{"line":10,"column":0},"end":{"line":10,"column":38}},"4":{"start":{"line":11,"column":0},"end":{"line":11,"column":32}},"5":{"start":{"line":13,"column":0},"end":{"line":17,"column":2}},"6":{"start":{"line":18,"column":0},"end":{"line":22,"column":2}},"7":{"start":{"line":24,"column":0},"end":{"line":24,"column":27}}},"fnMap":{},"branchMap":{},"s":{"0":1,"1":1,"2":1,"3":1,"4":1,"5":1,"6":1,"7":1},"f":{},"b":{},"_coverageSchema":"1a1c01bbd47fc00a2c39e90264f33305004495a9","hash":"67c9ea4690384421fc1d579c542362ebc81f982e"}
,"/Users/cosmas/Desktop/projects/learning/backend/blog-api/src/routes/index.js": {"path":"/Users/cosmas/Desktop/projects/learning/backend/blog-api/src/routes/index.js","statementMap":{"0":{"start":{"line":1,"column":18},"end":{"line":1,"column":35}},"1":{"start":{"line":2,"column":21},"end":{"line":2,"column":41}},"2":{"start":{"line":4,"column":0},"end":{"line":7,"column":2}}},"fnMap":{},"branchMap":{},"s":{"0":1,"1":1,"2":1},"f":{},"b":{},"_coverageSchema":"1a1c01bbd47fc00a2c39e90264f33305004495a9","hash":"ef5334c8bdff282962acbf747b0620a5850e204b"}
,"/Users/cosmas/Desktop/projects/learning/backend/blog-api/src/utils/pagination.js": {"path":"/Users/cosmas/Desktop/projects/learning/backend/blog-api/src/utils/pagination.js","statementMap":{"0":{"start":{"line":1,"column":17},"end":{"line":23,"column":1}},"1":{"start":{"line":2,"column":15},"end":{"line":2,"column":78}},"2":{"start":{"line":4,"column":4},"end":{"line":4,"column":70}},"3":{"start":{"line":5,"column":15},"end":{"line":5,"column":33}},"4":{"start":{"line":6,"column":15},"end":{"line":6,"column":48}},"5":{"start":{"line":7,"column":19},"end":{"line":7,"column":41}},"6":{"start":{"line":9,"column":16},"end":{"line":9,"column":49}},"7":{"start":{"line":10,"column":21},"end":{"line":10,"column":45}},"8":{"start":{"line":12,"column":13},"end":{"line":12,"column":65}},"9":{"start":{"line":13,"column":2},"end":{"line":13,"column":47}},"10":{"start":{"line":13,"column":16},"end":{"line":13,"column":47}},"11":{"start":{"line":14,"column":15},"end":{"line":14,"column":32}},"12":{"start":{"line":16,"column":2},"end":{"line":22,"column":4}},"13":{"start":{"line":25,"column":0},"end":{"line":25,"column":26}}},"fnMap":{"0":{"name":"(anonymous_0)","decl":{"start":{"line":1,"column":17},"end":{"line":1,"column":18}},"loc":{"start":{"line":1,"column":60},"end":{"line":23,"column":1}},"line":1}},"branchMap":{"0":{"loc":{"start":{"line":1,"column":31},"end":{"line":1,"column":41}},"type":"default-arg","locations":[{"start":{"line":1,"column":39},"end":{"line":1,"column":41}}],"line":1},"1":{"loc":{"start":{"line":1,"column":43},"end":{"line":1,"column":55}},"type":"default-arg","locations":[{"start":{"line":1,"column":53},"end":{"line":1,"column":55}}],"line":1},"2":{"loc":{"start":{"line":2,"column":15},"end":{"line":2,"column":78}},"type":"cond-expr","locations":[{"start":{"line":2,"column":48},"end":{"line":2,"column":74}},{"start":{"line":2,"column":77},"end":{"line":2,"column":78}}],"line":2},"3":{"loc":{"start":{"line":4,"column":4},"end":{"line":4,"column":70}},"type":"cond-expr","locations":[{"start":{"line":4,"column":38},"end":{"line":4,"column":65}},{"start":{"line":4,"column":68},"end":{"line":4,"column":70}}],"line":4},"4":{"loc":{"start":{"line":6,"column":15},"end":{"line":6,"column":48}},"type":"binary-expr","locations":[{"start":{"line":6,"column":15},"end":{"line":6,"column":27}},{"start":{"line":6,"column":31},"end":{"line":6,"column":48}}],"line":6},"5":{"loc":{"start":{"line":7,"column":19},"end":{"line":7,"column":41}},"type":"binary-expr","locations":[{"start":{"line":7,"column":19},"end":{"line":7,"column":35}},{"start":{"line":7,"column":39},"end":{"line":7,"column":41}}],"line":7},"6":{"loc":{"start":{"line":13,"column":2},"end":{"line":13,"column":47}},"type":"if","locations":[{"start":{"line":13,"column":2},"end":{"line":13,"column":47}},{"start":{},"end":{}}],"line":13}},"s":{"0":1,"1":0,"2":0,"3":0,"4":0,"5":0,"6":0,"7":0,"8":0,"9":0,"10":0,"11":0,"12":0,"13":1},"f":{"0":0},"b":{"0":[0],"1":[0],"2":[0,0],"3":[0,0],"4":[0,0],"5":[0,0],"6":[0,0]},"_coverageSchema":"1a1c01bbd47fc00a2c39e90264f33305004495a9","hash":"a9a4f08095b0d67f449bf76db7ac434e75b1521f"}
,"/Users/cosmas/Desktop/projects/learning/backend/blog-api/src/utils/readingTime.js": {"path":"/Users/cosmas/Desktop/projects/learning/backend/blog-api/src/utils/readingTime.js","statementMap":{"0":{"start":{"line":2,"column":2},"end":{"line":2,"column":22}},"1":{"start":{"line":2,"column":13},"end":{"line":2,"column":22}},"2":{"start":{"line":4,"column":25},"end":{"line":4,"column":28}},"3":{"start":{"line":5,"column":16},"end":{"line":5,"column":47}},"4":{"start":{"line":6,"column":15},"end":{"line":6,"column":48}},"5":{"start":{"line":8,"column":2},"end":{"line":8,"column":14}},"6":{"start":{"line":10,"column":0},"end":{"line":10,"column":38}}},"fnMap":{"0":{"name":"calculateReadingTime","decl":{"start":{"line":1,"column":9},"end":{"line":1,"column":29}},"loc":{"start":{"line":1,"column":36},"end":{"line":9,"column":1}},"line":1}},"branchMap":{"0":{"loc":{"start":{"line":2,"column":2},"end":{"line":2,"column":22}},"type":"if","locations":[{"start":{"line":2,"column":2},"end":{"line":2,"column":22}},{"start":{},"end":{}}],"line":2}},"s":{"0":8,"1":3,"2":5,"3":5,"4":5,"5":5,"6":2},"f":{"0":8},"b":{"0":[3,5]},"_coverageSchema":"1a1c01bbd47fc00a2c39e90264f33305004495a9","hash":"7572ab6fc640ab15e44b8b489d5f9a7dc3a321f2"}
,"/Users/cosmas/Desktop/projects/learning/backend/blog-api/src/utils/token.js": {"path":"/Users/cosmas/Desktop/projects/learning/backend/blog-api/src/utils/token.js","statementMap":{"0":{"start":{"line":1,"column":12},"end":{"line":1,"column":35}},"1":{"start":{"line":2,"column":23},"end":{"line":2,"column":43}},"2":{"start":{"line":4,"column":0},"end":{"line":10,"column":2}},"3":{"start":{"line":5,"column":18},"end":{"line":5,"column":54}},"4":{"start":{"line":9,"column":2},"end":{"line":9,"column":70}}},"fnMap":{"0":{"name":"(anonymous_0)","decl":{"start":{"line":4,"column":24},"end":{"line":4,"column":25}},"loc":{"start":{"line":4,"column":34},"end":{"line":10,"column":1}},"line":4}},"branchMap":{},"s":{"0":1,"1":1,"2":1,"3":0,"4":0},"f":{"0":0},"b":{},"_coverageSchema":"1a1c01bbd47fc00a2c39e90264f33305004495a9","hash":"cf266c5ad55222960968c7d5b95886f3d029eaf3"}
,"/Users/cosmas/Desktop/projects/learning/backend/blog-api/test/mockData/db.js": {"path":"/Users/cosmas/Desktop/projects/learning/backend/blog-api/test/mockData/db.js","statementMap":{"0":{"start":{"line":1,"column":17},"end":{"line":1,"column":36}},"1":{"start":{"line":2,"column":30},"end":{"line":2,"column":62}},"2":{"start":{"line":6,"column":18},"end":{"line":10,"column":1}},"3":{"start":{"line":7,"column":2},"end":{"line":7,"column":44}},"4":{"start":{"line":8,"column":14},"end":{"line":8,"column":29}},"5":{"start":{"line":9,"column":2},"end":{"line":9,"column":30}},"6":{"start":{"line":11,"column":16},"end":{"line":16,"column":1}},"7":{"start":{"line":12,"column":22},"end":{"line":12,"column":53}},"8":{"start":{"line":13,"column":2},"end":{"line":15,"column":3}},"9":{"start":{"line":14,"column":4},"end":{"line":14,"column":42}},"10":{"start":{"line":18,"column":16},"end":{"line":22,"column":1}},"11":{"start":{"line":19,"column":2},"end":{"line":19,"column":43}},"12":{"start":{"line":20,"column":2},"end":{"line":20,"column":36}},"13":{"start":{"line":21,"column":2},"end":{"line":21,"column":22}},"14":{"start":{"line":24,"column":0},"end":{"line":28,"column":2}}},"fnMap":{"0":{"name":"(anonymous_0)","decl":{"start":{"line":6,"column":18},"end":{"line":6,"column":19}},"loc":{"start":{"line":6,"column":30},"end":{"line":10,"column":1}},"line":6},"1":{"name":"(anonymous_1)","decl":{"start":{"line":11,"column":16},"end":{"line":11,"column":17}},"loc":{"start":{"line":11,"column":28},"end":{"line":16,"column":1}},"line":11},"2":{"name":"(anonymous_2)","decl":{"start":{"line":18,"column":16},"end":{"line":18,"column":17}},"loc":{"start":{"line":18,"column":28},"end":{"line":22,"column":1}},"line":18}},"branchMap":{},"s":{"0":1,"1":1,"2":1,"3":1,"4":1,"5":1,"6":1,"7":0,"8":0,"9":0,"10":1,"11":1,"12":1,"13":1,"14":1},"f":{"0":1,"1":0,"2":1},"b":{},"_coverageSchema":"1a1c01bbd47fc00a2c39e90264f33305004495a9","hash":"ec0c1bfa9406b5480d7c7767c24f4cbcb7560561"}
,"/Users/cosmas/Desktop/projects/learning/backend/blog-api/test/mockData/index.js": {"path":"/Users/cosmas/Desktop/projects/learning/backend/blog-api/test/mockData/index.js","statementMap":{"0":{"start":{"line":1,"column":19},"end":{"line":8,"column":1}},"1":{"start":{"line":10,"column":22},"end":{"line":17,"column":1}},"2":{"start":{"line":19,"column":0},"end":{"line":22,"column":2}}},"fnMap":{},"branchMap":{},"s":{"0":1,"1":1,"2":1},"f":{},"b":{},"_coverageSchema":"1a1c01bbd47fc00a2c39e90264f33305004495a9","hash":"bca4ceb1bab95147e01acefd2a2e6143c20ecc47"}
}
