TN:
SF:app.js
FN:14,(anonymous_0)
FN:29,(anonymous_1)
FN:37,(anonymous_2)
FNF:3
FNH:0
FNDA:0,(anonymous_0)
FNDA:0,(anonymous_1)
FNDA:0,(anonymous_2)
DA:1,1
DA:2,1
DA:3,1
DA:5,1
DA:8,1
DA:11,1
DA:14,1
DA:15,0
DA:25,1
DA:26,1
DA:29,1
DA:30,0
DA:37,1
DA:38,0
DA:39,0
DA:45,1
LF:16
LH:12
BRDA:38,0,0,0
BRDA:38,0,1,0
BRDA:39,1,0,0
BRDA:39,1,1,0
BRF:4
BRH:0
end_of_record
TN:
SF:src/config/index.js
FNF:0
FNH:0
DA:1,1
DA:8,1
LF:2
LH:2
BRDA:2,0,0,1
BRDA:2,0,1,0
BRDA:3,1,0,1
BRDA:3,1,1,0
BRF:4
BRH:2
end_of_record
TN:
SF:src/controllers/articleControllers.js
FN:6,(anonymous_0)
FN:47,(anonymous_1)
FN:86,(anonymous_2)
FN:129,(anonymous_3)
FN:157,(anonymous_4)
FN:201,(anonymous_5)
FN:230,(anonymous_6)
FN:268,(anonymous_7)
FNF:8
FNH:1
FNDA:0,(anonymous_0)
FNDA:0,(anonymous_1)
FNDA:0,(anonymous_2)
FNDA:0,(anonymous_3)
FNDA:4,(anonymous_4)
FNDA:0,(anonymous_5)
FNDA:0,(anonymous_6)
FNDA:0,(anonymous_7)
DA:1,1
DA:2,1
DA:3,1
DA:4,1
DA:6,1
DA:7,0
DA:14,0
DA:16,0
DA:19,0
DA:21,0
DA:23,0
DA:26,0
DA:31,0
DA:32,0
DA:35,0
DA:43,0
DA:47,0
DA:52,0
DA:56,0
DA:57,0
DA:62,0
DA:70,0
DA:73,0
DA:82,0
DA:86,1
DA:87,0
DA:88,0
DA:90,0
DA:95,0
DA:96,0
DA:103,0
DA:107,0
DA:114,0
DA:115,0
DA:116,0
DA:119,0
DA:125,0
DA:129,1
DA:130,0
DA:131,0
DA:132,0
DA:133,0
DA:134,0
DA:136,0
DA:138,0
DA:140,0
DA:151,0
DA:153,0
DA:157,1
DA:158,4
DA:159,4
DA:160,1
DA:165,3
DA:167,3
DA:169,3
DA:170,1
DA:176,2
DA:177,1
DA:183,1
DA:192,1
DA:198,0
DA:201,1
DA:202,0
DA:203,0
DA:205,0
DA:207,0
DA:208,0
DA:214,0
DA:215,0
DA:220,0
DA:222,0
DA:227,0
DA:230,1
DA:231,0
DA:232,0
DA:234,0
DA:236,0
DA:237,0
DA:243,0
DA:244,0
DA:251,0
DA:252,0
DA:257,0
DA:258,0
DA:259,0
DA:265,0
DA:268,1
DA:269,0
DA:270,0
DA:272,0
DA:274,0
DA:275,0
DA:281,0
DA:282,0
DA:289,0
DA:290,0
DA:295,0
DA:296,0
DA:298,0
DA:304,0
DA:308,1
LF:101
LH:23
BRDA:9,0,0,0
BRDA:10,1,0,0
BRDA:12,2,0,0
BRDA:13,3,0,0
BRDA:21,4,0,0
BRDA:21,4,1,0
BRDA:31,5,0,0
BRDA:31,5,1,0
BRDA:57,6,0,0
BRDA:57,6,1,0
BRDA:58,7,0,0
BRDA:58,7,1,0
BRDA:95,8,0,0
BRDA:95,8,1,0
BRDA:103,9,0,0
BRDA:103,9,1,0
BRDA:104,10,0,0
BRDA:104,10,1,0
BRDA:104,10,2,0
BRDA:114,11,0,0
BRDA:114,11,1,0
BRDA:131,12,0,0
BRDA:131,12,1,0
BRDA:136,13,0,0
BRDA:136,14,0,0
BRDA:136,14,1,0
BRDA:159,15,0,1
BRDA:159,15,1,3
BRDA:159,16,0,4
BRDA:159,16,1,4
BRDA:169,17,0,1
BRDA:169,17,1,2
BRDA:176,18,0,1
BRDA:176,18,1,1
BRDA:207,19,0,0
BRDA:207,19,1,0
BRDA:214,20,0,0
BRDA:214,20,1,0
BRDA:236,21,0,0
BRDA:236,21,1,0
BRDA:243,22,0,0
BRDA:243,22,1,0
BRDA:251,23,0,0
BRDA:251,23,1,0
BRDA:274,24,0,0
BRDA:274,24,1,0
BRDA:281,25,0,0
BRDA:281,25,1,0
BRDA:289,26,0,0
BRDA:289,26,1,0
BRF:50
BRH:8
end_of_record
TN:
SF:src/controllers/authControllers.js
FN:7,(anonymous_0)
FN:8,(anonymous_1)
FN:19,(anonymous_2)
FN:44,(anonymous_3)
FN:45,(anonymous_4)
FN:63,(anonymous_5)
FN:85,(anonymous_6)
FNF:7
FNH:0
FNDA:0,(anonymous_0)
FNDA:0,(anonymous_1)
FNDA:0,(anonymous_2)
FNDA:0,(anonymous_3)
FNDA:0,(anonymous_4)
FNDA:0,(anonymous_5)
FNDA:0,(anonymous_6)
DA:1,1
DA:2,1
DA:3,1
DA:4,1
DA:5,1
DA:7,1
DA:8,0
DA:9,0
DA:10,0
DA:11,0
DA:14,0
DA:15,0
DA:16,0
DA:19,0
DA:20,0
DA:23,0
DA:26,0
DA:39,0
DA:44,1
DA:45,0
DA:46,0
DA:47,0
DA:48,0
DA:50,0
DA:51,0
DA:63,1
DA:64,0
DA:65,0
DA:66,0
DA:67,0
DA:69,0
DA:78,0
DA:85,1
DA:86,0
DA:87,0
DA:88,0
DA:89,0
DA:90,0
DA:91,0
DA:93,0
DA:94,0
DA:96,0
DA:97,0
DA:100,0
DA:104,0
DA:109,0
DA:115,1
LF:47
LH:10
BRDA:10,0,0,0
BRDA:10,0,1,0
BRDA:14,1,0,0
BRDA:14,1,1,0
BRDA:20,2,0,0
BRDA:20,2,1,0
BRDA:46,3,0,0
BRDA:46,3,1,0
BRDA:47,4,0,0
BRDA:47,4,1,0
BRDA:87,5,0,0
BRDA:87,6,0,0
BRDA:87,7,0,0
BRDA:87,7,1,0
BRDA:90,8,0,0
BRDA:90,8,1,0
BRDA:93,9,0,0
BRDA:93,9,1,0
BRDA:96,10,0,0
BRDA:96,10,1,0
BRF:20
BRH:0
end_of_record
TN:
SF:src/middleware/auth.js
FN:14,(anonymous_0)
FN:37,(anonymous_1)
FN:66,(anonymous_2)
FNF:3
FNH:1
FNDA:4,(anonymous_0)
FNDA:0,(anonymous_1)
FNDA:0,(anonymous_2)
DA:1,1
DA:2,1
DA:3,1
DA:4,1
DA:5,1
DA:6,1
DA:8,1
DA:9,1
DA:10,1
DA:11,1
DA:13,1
DA:15,4
DA:17,4
DA:18,4
DA:20,0
DA:29,1
DA:38,0
DA:39,0
DA:40,0
DA:47,0
DA:49,0
DA:59,1
DA:67,0
DA:68,0
DA:70,0
DA:71,0
DA:74,0
DA:76,0
DA:77,0
DA:80,0
DA:82,0
LF:31
LH:16
BRDA:70,0,0,0
BRDA:70,0,1,0
BRDA:76,1,0,0
BRDA:76,1,1,0
BRF:4
BRH:0
end_of_record
TN:
SF:src/middleware/optionalAuth.js
FN:3,(anonymous_0)
FN:4,(anonymous_1)
FNF:2
FNH:0
FNDA:0,(anonymous_0)
FNDA:0,(anonymous_1)
DA:1,1
DA:3,1
DA:4,0
DA:5,0
DA:6,0
DA:7,0
LF:6
LH:2
BRDA:5,0,0,0
BRDA:5,0,1,0
BRDA:6,1,0,0
BRDA:6,1,1,0
BRF:4
BRH:0
end_of_record
TN:
SF:src/models/Article.js
FNF:0
FNH:0
DA:1,1
DA:4,1
DA:44,1
DA:45,1
LF:4
LH:4
BRF:0
BRH:0
end_of_record
TN:
SF:src/models/User.js
FN:29,(anonymous_0)
FN:37,(anonymous_1)
FNF:2
FNH:1
FNDA:2,(anonymous_0)
FNDA:0,(anonymous_1)
DA:1,1
DA:2,1
DA:4,1
DA:29,1
DA:30,2
DA:31,2
DA:32,2
DA:33,2
DA:37,1
DA:38,0
DA:41,1
DA:43,1
LF:12
LH:11
BRDA:30,0,0,0
BRDA:30,0,1,2
BRF:2
BRH:1
end_of_record
TN:
SF:src/routes/article.js
FNF:0
FNH:0
DA:1,1
DA:2,1
DA:3,1
DA:12,1
DA:15,1
DA:16,1
DA:19,1
DA:25,1
DA:30,1
DA:35,1
DA:40,1
DA:46,1
LF:12
LH:12
BRF:0
BRH:0
end_of_record
TN:
SF:src/routes/auth.js
FNF:0
FNH:0
DA:1,1
DA:2,1
DA:8,1
DA:10,1
DA:11,1
DA:13,1
DA:18,1
DA:24,1
LF:8
LH:8
BRF:0
BRH:0
end_of_record
TN:
SF:src/routes/index.js
FNF:0
FNH:0
DA:1,1
DA:2,1
DA:4,1
LF:3
LH:3
BRF:0
BRH:0
end_of_record
TN:
SF:src/utils/pagination.js
FN:1,(anonymous_0)
FNF:1
FNH:0
FNDA:0,(anonymous_0)
DA:1,1
DA:2,0
DA:4,0
DA:5,0
DA:6,0
DA:7,0
DA:9,0
DA:10,0
DA:12,0
DA:13,0
DA:14,0
DA:16,0
DA:25,1
LF:13
LH:2
BRDA:1,0,0,0
BRDA:1,1,0,0
BRDA:2,2,0,0
BRDA:2,2,1,0
BRDA:4,3,0,0
BRDA:4,3,1,0
BRDA:6,4,0,0
BRDA:6,4,1,0
BRDA:7,5,0,0
BRDA:7,5,1,0
BRDA:13,6,0,0
BRDA:13,6,1,0
BRF:12
BRH:0
end_of_record
TN:
SF:src/utils/readingTime.js
FN:1,calculateReadingTime
FNF:1
FNH:1
FNDA:8,calculateReadingTime
DA:2,8
DA:4,5
DA:5,5
DA:6,5
DA:8,5
DA:10,2
LF:6
LH:6
BRDA:2,0,0,3
BRDA:2,0,1,5
BRF:2
BRH:2
end_of_record
TN:
SF:src/utils/token.js
FN:4,(anonymous_0)
FNF:1
FNH:0
FNDA:0,(anonymous_0)
DA:1,1
DA:2,1
DA:4,1
DA:5,0
DA:9,0
LF:5
LH:3
BRF:0
BRH:0
end_of_record
TN:
SF:test/mockData/db.js
FN:6,(anonymous_0)
FN:11,(anonymous_1)
FN:18,(anonymous_2)
FNF:3
FNH:2
FNDA:1,(anonymous_0)
FNDA:0,(anonymous_1)
FNDA:1,(anonymous_2)
DA:1,1
DA:2,1
DA:6,1
DA:7,1
DA:8,1
DA:9,1
DA:11,1
DA:12,0
DA:13,0
DA:14,0
DA:18,1
DA:19,1
DA:20,1
DA:21,1
DA:24,1
LF:15
LH:12
BRF:0
BRH:0
end_of_record
TN:
SF:test/mockData/index.js
FNF:0
FNH:0
DA:1,1
DA:10,1
DA:19,1
LF:3
LH:3
BRF:0
BRH:0
end_of_record
